<?xml version="1.0" encoding="UTF-8"?>
<testng-results ignored="0" total="2" passed="2" failed="0" skipped="0">
  <reporter-output>
  </reporter-output>
  <suite started-at="2022-01-21T23:26:52 IST" name="Suite" finished-at="2022-01-21T23:27:04 IST" duration-ms="12361">
    <groups>
    </groups>
    <test started-at="2022-01-21T23:26:52 IST" name="Test" finished-at="2022-01-21T23:27:04 IST" duration-ms="12361">
      <class name="com.QA.TestExecution.TestExecution">
        <test-method is-config="true" signature="setup(java.lang.String)[pri:0, instance:com.QA.TestExecution.TestExecution@10e41621]" started-at="2022-01-21T23:26:52 IST" name="setup" finished-at="2022-01-21T23:26:55 IST" duration-ms="2963" status="PASS">
          <params>
            <param index="0">
              <value>
                <![CDATA[chrome]]>
              </value>
            </param>
          </params>
          <reporter-output>
          </reporter-output>
        </test-method> <!-- setup -->
        <test-method signature="SignIn()[pri:1, instance:com.QA.TestExecution.TestExecution@10e41621]" started-at="2022-01-21T23:26:55 IST" name="SignIn" finished-at="2022-01-21T23:27:00 IST" duration-ms="5726" status="PASS">
          <reporter-output>
          </reporter-output>
        </test-method> <!-- SignIn -->
        <test-method is-config="true" signature="teardown()[pri:0, instance:com.QA.TestExecution.TestExecution@10e41621]" started-at="2022-01-21T23:27:00 IST" name="teardown" finished-at="2022-01-21T23:27:00 IST" duration-ms="204" status="PASS">
          <reporter-output>
          </reporter-output>
        </test-method> <!-- teardown -->
        <test-method is-config="true" signature="setup(java.lang.String)[pri:0, instance:com.QA.TestExecution.TestExecution@10e41621]" started-at="2022-01-21T23:27:00 IST" name="setup" finished-at="2022-01-21T23:27:03 IST" duration-ms="2808" status="PASS">
          <params>
            <param index="0">
              <value>
                <![CDATA[chrome]]>
              </value>
            </param>
          </params>
          <reporter-output>
          </reporter-output>
        </test-method> <!-- setup -->
        <test-method signature="CheckLogo()[pri:2, instance:com.QA.TestExecution.TestExecution@10e41621]" started-at="2022-01-21T23:27:03 IST" name="CheckLogo" finished-at="2022-01-21T23:27:04 IST" duration-ms="476" status="PASS">
          <reporter-output>
          </reporter-output>
        </test-method> <!-- CheckLogo -->
        <test-method is-config="true" signature="teardown()[pri:0, instance:com.QA.TestExecution.TestExecution@10e41621]" started-at="2022-01-21T23:27:04 IST" name="teardown" finished-at="2022-01-21T23:27:04 IST" duration-ms="154" status="PASS">
          <reporter-output>
          </reporter-output>
        </test-method> <!-- teardown -->
      </class> <!-- com.QA.TestExecution.TestExecution -->
    </test> <!-- Test -->
  </suite> <!-- Suite -->
</testng-results>
